# JRE version: OpenJDK Runtime Environment (8.0_212-b04) (build 1.8.0_212-release-1586-b04)
# Java VM: OpenJDK 64-Bit Server VM (25.212-b04 mixed mode windows-amd64 compressed oops)
Heap:
 PSYoungGen      total 244224K, used 244201K [0x00000000e0000000, 0x00000000f3500000, 0x0000000100000000)
  eden space 208384K, 100% used [0x00000000e0000000,0x00000000ecb80000,0x00000000ecb80000)
  from space 35840K, 99% used [0x00000000ef700000,0x00000000f19fa500,0x00000000f1a00000)
  to   space 44544K, 43% used [0x00000000ecb80000,0x00000000ede5f790,0x00000000ef700000)
 ParOldGen       total 138752K, used 104868K [0x00000000a0000000, 0x00000000a8780000, 0x00000000e0000000)
  object space 138752K, 75% used [0x00000000a0000000,0x00000000a666b350,0x00000000a8780000)
 Metaspace       used 85771K, capacity 89737K, committed 89880K, reserved 1126400K
  class space    used 11469K, capacity 12264K, committed 12312K, reserved 1048576K
GC Heap History (10 events):
Event: 12.012 GC heap after
Heap after GC invocations=15 (full 3):
 PSYoungGen      total 183296K, used 0K [0x00000000e0000000, 0x00000000ed000000, 0x0000000100000000)
  eden space 164352K, 0% used [0x00000000e0000000,0x00000000e0000000,0x00000000ea080000)
  from space 18944K, 0% used [0x00000000eb300000,0x00000000eb300000,0x00000000ec580000)
  to   space 18944K, 0% used [0x00000000ea080000,0x00000000ea080000,0x00000000eb300000)
 ParOldGen       total 138752K, used 31203K [0x00000000a0000000, 0x00000000a8780000, 0x00000000e0000000)
  object space 138752K, 22% used [0x00000000a0000000,0x00000000a1e78e68,0x00000000a8780000)
 Metaspace       used 57122K, capacity 59023K, committed 59160K, reserved 1099776K
  class space    used 7912K, capacity 8385K, committed 8472K, reserved 1048576K
}
Event: 15.047 GC heap before
{Heap before GC invocations=16 (full 3):
 PSYoungGen      total 183296K, used 164352K [0x00000000e0000000, 0x00000000ed000000, 0x0000000100000000)
  eden space 164352K, 100% used [0x00000000e0000000,0x00000000ea080000,0x00000000ea080000)
  from space 18944K, 0% used [0x00000000eb300000,0x00000000eb300000,0x00000000ec580000)
  to   space 18944K, 0% used [0x00000000ea080000,0x00000000ea080000,0x00000000eb300000)
 ParOldGen       total 138752K, used 31203K [0x00000000a0000000, 0x00000000a8780000, 0x00000000e0000000)
  object space 138752K, 22% used [0x00000000a0000000,0x00000000a1e78e68,0x00000000a8780000)
 Metaspace       used 65516K, capacity 67959K, committed 68248K, reserved 1107968K
  class space    used 9020K, capacity 9549K, committed 9624K, reserved 1048576K
Event: 15.075 GC heap after
Heap after GC invocations=16 (full 3):
 PSYoungGen      total 183296K, used 17622K [0x00000000e0000000, 0x00000000eeb80000, 0x0000000100000000)
  eden space 164352K, 0% used [0x00000000e0000000,0x00000000e0000000,0x00000000ea080000)
  from space 18944K, 93% used [0x00000000ea080000,0x00000000eb1b5ac8,0x00000000eb300000)
  to   space 21504K, 0% used [0x00000000ed680000,0x00000000ed680000,0x00000000eeb80000)
 ParOldGen       total 138752K, used 31211K [0x00000000a0000000, 0x00000000a8780000, 0x00000000e0000000)
  object space 138752K, 22% used [0x00000000a0000000,0x00000000a1e7ae68,0x00000000a8780000)
 Metaspace       used 65516K, capacity 67959K, committed 68248K, reserved 1107968K
  class space    used 9020K, capacity 9549K, committed 9624K, reserved 1048576K
}
Event: 18.012 GC heap before
{Heap before GC invocations=17 (full 3):
 PSYoungGen      total 183296K, used 181974K [0x00000000e0000000, 0x00000000eeb80000, 0x0000000100000000)
  eden space 164352K, 100% used [0x00000000e0000000,0x00000000ea080000,0x00000000ea080000)
  from space 18944K, 93% used [0x00000000ea080000,0x00000000eb1b5ac8,0x00000000eb300000)
  to   space 21504K, 0% used [0x00000000ed680000,0x00000000ed680000,0x00000000eeb80000)
 ParOldGen       total 138752K, used 31211K [0x00000000a0000000, 0x00000000a8780000, 0x00000000e0000000)
  object space 138752K, 22% used [0x00000000a0000000,0x00000000a1e7ae68,0x00000000a8780000)
 Metaspace       used 74370K, capacity 77653K, committed 77848K, reserved 1116160K
  class space    used 10316K, capacity 10996K, committed 11032K, reserved 1048576K
Event: 18.092 GC heap after
Heap after GC invocations=17 (full 3):
 PSYoungGen      total 204800K, used 21497K [0x00000000e0000000, 0x00000000f0b00000, 0x0000000100000000)
  eden space 183296K, 0% used [0x00000000e0000000,0x00000000e0000000,0x00000000eb300000)
  from space 21504K, 99% used [0x00000000ed680000,0x00000000eeb7e7c0,0x00000000eeb80000)
  to   space 36352K, 0% used [0x00000000eb300000,0x00000000eb300000,0x00000000ed680000)
 ParOldGen       total 138752K, used 63254K [0x00000000a0000000, 0x00000000a8780000, 0x00000000e0000000)
  object space 138752K, 45% used [0x00000000a0000000,0x00000000a3dc58b8,0x00000000a8780000)
 Metaspace       used 74370K, capacity 77653K, committed 77848K, reserved 1116160K
  class space    used 10316K, capacity 10996K, committed 11032K, reserved 1048576K
}
Event: 608.109 GC heap before
{Heap before GC invocations=18 (full 3):
 PSYoungGen      total 204800K, used 204793K [0x00000000e0000000, 0x00000000f0b00000, 0x0000000100000000)
  eden space 183296K, 100% used [0x00000000e0000000,0x00000000eb300000,0x00000000eb300000)
  from space 21504K, 99% used [0x00000000ed680000,0x00000000eeb7e7c0,0x00000000eeb80000)
  to   space 36352K, 0% used [0x00000000eb300000,0x00000000eb300000,0x00000000ed680000)
 ParOldGen       total 138752K, used 63254K [0x00000000a0000000, 0x00000000a8780000, 0x00000000e0000000)
  object space 138752K, 45% used [0x00000000a0000000,0x00000000a3dc58b8,0x00000000a8780000)
 Metaspace       used 83682K, capacity 87219K, committed 87448K, reserved 1124352K
  class space    used 11372K, capacity 12125K, committed 12184K, reserved 1048576K
Event: 608.165 GC heap after
Heap after GC invocations=18 (full 3):
 PSYoungGen      total 219648K, used 18831K [0x00000000e0000000, 0x00000000f1a00000, 0x0000000100000000)
  eden space 183296K, 0% used [0x00000000e0000000,0x00000000e0000000,0x00000000eb300000)
  from space 36352K, 51% used [0x00000000eb300000,0x00000000ec563d10,0x00000000ed680000)
  to   space 35840K, 0% used [0x00000000ef700000,0x00000000ef700000,0x00000000f1a00000)
 ParOldGen       total 138752K, used 81656K [0x00000000a0000000, 0x00000000a8780000, 0x00000000e0000000)
  object space 138752K, 58% used [0x00000000a0000000,0x00000000a4fbe250,0x00000000a8780000)
 Metaspace       used 83682K, capacity 87219K, committed 87448K, reserved 1124352K
  class space    used 11372K, capacity 12125K, committed 12184K, reserved 1048576K
}
Event: 610.622 GC heap before
{Heap before GC invocations=19 (full 3):
 PSYoungGen      total 219648K, used 202127K [0x00000000e0000000, 0x00000000f1a00000, 0x0000000100000000)
  eden space 183296K, 100% used [0x00000000e0000000,0x00000000eb300000,0x00000000eb300000)
  from space 36352K, 51% used [0x00000000eb300000,0x00000000ec563d10,0x00000000ed680000)
  to   space 35840K, 0% used [0x00000000ef700000,0x00000000ef700000,0x00000000f1a00000)
 ParOldGen       total 138752K, used 81656K [0x00000000a0000000, 0x00000000a8780000, 0x00000000e0000000)
  object space 138752K, 58% used [0x00000000a0000000,0x00000000a4fbe250,0x00000000a8780000)
 Metaspace       used 84972K, capacity 88703K, committed 88856K, reserved 1126400K
  class space    used 11434K, capacity 12201K, committed 12312K, reserved 1048576K
Event: 610.739 GC heap after
Heap after GC invocations=19 (full 3):
 PSYoungGen      total 244224K, used 35817K [0x00000000e0000000, 0x00000000f3500000, 0x0000000100000000)
  eden space 208384K, 0% used [0x00000000e0000000,0x00000000e0000000,0x00000000ecb80000)
  from space 35840K, 99% used [0x00000000ef700000,0x00000000f19fa500,0x00000000f1a00000)
  to   space 44544K, 0% used [0x00000000ecb80000,0x00000000ecb80000,0x00000000ef700000)
 ParOldGen       total 138752K, used 89594K [0x00000000a0000000, 0x00000000a8780000, 0x00000000e0000000)
  object space 138752K, 64% used [0x00000000a0000000,0x00000000a577e938,0x00000000a8780000)
 Metaspace       used 84972K, capacity 88703K, committed 88856K, reserved 1126400K
  class space    used 11434K, capacity 12201K, committed 12312K, reserved 1048576K
}
Event: 1117.810 GC heap before
{Heap before GC invocations=20 (full 3):
 PSYoungGen      total 244224K, used 244201K [0x00000000e0000000, 0x00000000f3500000, 0x0000000100000000)
  eden space 208384K, 100% used [0x00000000e0000000,0x00000000ecb80000,0x00000000ecb80000)
  from space 35840K, 99% used [0x00000000ef700000,0x00000000f19fa500,0x00000000f1a00000)
  to   space 44544K, 0% used [0x00000000ecb80000,0x00000000ecb80000,0x00000000ef700000)
 ParOldGen       total 138752K, used 89594K [0x00000000a0000000, 0x00000000a8780000, 0x00000000e0000000)
  object space 138752K, 64% used [0x00000000a0000000,0x00000000a577e938,0x00000000a8780000)
 Metaspace       used 85771K, capacity 89737K, committed 89880K, reserved 1126400K
  class space    used 11469K, capacity 12264K, committed 12312K, reserved 1048576K

